TN:
SF:src\app\core\i18n\translations.ts
FNF:0
FNH:0
DA:1,2
LF:1
LH:1
BRF:0
BRH:0
end_of_record
TN:
SF:src\app\core\services\language.service.ts
FN:13,(anonymous_0)
FN:20,(anonymous_1)
FN:25,(anonymous_2)
FN:29,(anonymous_3)
FNF:4
FNH:4
FNDA:4,(anonymous_0)
FNDA:4,(anonymous_1)
FNDA:2,(anonymous_2)
FNDA:3,(anonymous_3)
DA:1,3
DA:2,3
DA:9,3
DA:10,4
DA:11,4
DA:14,4
DA:15,4
DA:16,0
DA:21,4
DA:22,4
DA:26,2
DA:30,3
LF:12
LH:11
BRDA:15,0,0,0
BRDA:26,1,0,1
BRDA:26,1,1,1
BRF:3
BRH:2
end_of_record
TN:
SF:src\app\core\services\theme.service.ts
FN:11,(anonymous_0)
FN:20,(anonymous_1)
FN:24,(anonymous_2)
FNF:3
FNH:3
FNDA:3,(anonymous_0)
FNDA:2,(anonymous_1)
FNDA:2,(anonymous_2)
DA:1,2
DA:2,2
DA:7,2
DA:8,3
DA:9,3
DA:12,3
DA:13,3
DA:14,0
DA:15,3
DA:16,0
DA:21,2
DA:25,2
DA:26,2
DA:27,1
DA:28,1
DA:30,1
DA:31,1
LF:17
LH:15
BRDA:13,0,0,0
BRDA:13,0,1,3
BRDA:15,1,0,0
BRDA:15,2,0,3
BRDA:15,2,1,3
BRDA:26,3,0,1
BRDA:26,3,1,1
BRF:7
BRH:5
end_of_record
TN:
SF:src\app\features\home\home-page.component.html
FNF:0
FNH:0
DA:1,1
LF:1
LH:1
BRF:0
BRH:0
end_of_record
TN:
SF:src\app\features\home\home-page.component.ts
FN:14,(anonymous_0)
FN:30,(anonymous_1)
FN:34,(anonymous_2)
FN:41,(anonymous_3)
FN:48,(anonymous_4)
FN:61,(anonymous_5)
FNF:6
FNH:6
FNDA:4,(anonymous_0)
FNDA:1,(anonymous_1)
FNDA:1,(anonymous_2)
FNDA:2,(anonymous_3)
FNDA:1,(anonymous_4)
FNDA:1,(anonymous_5)
DA:1,1
DA:14,1
DA:19,4
DA:20,4
DA:21,4
DA:22,4
DA:23,4
DA:24,4
DA:25,4
DA:26,4
DA:27,4
DA:28,4
DA:31,1
DA:32,1
DA:33,1
DA:34,1
DA:35,1
DA:37,1
DA:42,2
DA:43,2
DA:44,2
DA:45,2
DA:50,1
DA:51,1
DA:54,1
DA:55,1
DA:56,0
DA:59,1
DA:60,1
DA:61,1
DA:65,0
DA:68,1
DA:69,1
DA:70,0
DA:71,0
DA:74,1
DA:75,1
DA:76,1
DA:77,1
DA:81,1
DA:82,0
DA:83,0
DA:86,0
DA:91,1
DA:92,1
DA:93,1
DA:95,1
DA:96,1
DA:97,1
DA:98,1
DA:99,1
DA:101,1
DA:104,1
DA:105,1
DA:106,1
DA:109,1
DA:110,1
DA:111,1
DA:112,1
DA:113,1
DA:115,1
DA:116,1
DA:119,1
DA:120,1
DA:123,1
DA:124,1
DA:127,1
DA:128,1
DA:129,1
DA:130,1
DA:131,1
DA:133,1
DA:134,1
DA:135,1
DA:136,1
DA:137,1
DA:138,1
DA:142,1
DA:143,0
DA:144,0
DA:145,0
DA:146,0
DA:147,0
DA:148,0
DA:149,0
DA:150,0
DA:151,0
DA:155,1
DA:156,0
DA:157,0
DA:158,0
DA:159,0
DA:160,0
DA:161,0
DA:162,0
DA:163,0
DA:164,0
DA:168,1
DA:169,1
DA:170,1
DA:171,1
DA:172,1
DA:174,1
DA:175,1
DA:176,1
DA:179,1
DA:180,1
DA:181,1
DA:184,1
DA:185,1
DA:186,0
DA:187,0
DA:188,0
DA:189,0
DA:193,1
DA:194,1
DA:195,1
DA:196,1
DA:197,1
DA:199,1
DA:202,1
DA:203,0
DA:204,0
DA:207,1
DA:208,0
DA:209,0
DA:210,0
DA:211,0
DA:212,0
DA:213,0
DA:214,0
DA:215,0
DA:219,1
LF:133
LH:94
BRDA:32,0,0,1
BRDA:50,1,0,1
BRDA:50,1,1,0
BRDA:51,2,0,1
BRDA:51,2,1,0
BRDA:55,3,0,0
BRDA:55,4,0,1
BRDA:55,4,1,1
BRDA:65,5,0,0
BRDA:65,5,1,0
BRDA:68,6,0,1
BRDA:68,6,1,1
BRDA:68,6,2,0
BRDA:69,7,0,0
BRDA:81,8,0,0
BRDA:93,9,0,0
BRDA:93,9,1,1
BRDA:97,10,0,0
BRDA:97,10,1,1
BRDA:119,11,0,1
BRDA:119,11,1,0
BRDA:120,12,0,1
BRDA:120,12,1,1
BRDA:123,13,0,1
BRDA:123,13,1,1
BRDA:127,14,0,1
BRDA:127,15,0,1
BRDA:127,15,1,1
BRDA:135,16,0,1
BRDA:135,16,1,1
BRDA:135,16,2,0
BRDA:142,17,0,0
BRDA:155,18,0,0
BRDA:185,19,0,0
BRDA:202,20,0,0
BRDA:207,21,0,0
BRF:36
BRH:19
end_of_record
TN:
SF:src\app\shared\components\header\header.component.html
FNF:0
FNH:0
DA:1,1
LF:1
LH:1
BRF:0
BRH:0
end_of_record
TN:
SF:src\app\shared\components\header\header.component.ts
FN:14,(anonymous_0)
FN:19,(anonymous_1)
FN:23,(anonymous_2)
FNF:3
FNH:0
FNDA:0,(anonymous_0)
FNDA:0,(anonymous_1)
FNDA:0,(anonymous_2)
DA:1,1
DA:2,1
DA:3,1
DA:10,1
DA:11,0
DA:12,0
DA:15,0
DA:16,0
DA:20,0
DA:24,0
LF:10
LH:4
BRF:0
BRH:0
end_of_record
TN:
SF:src\app\shared\pipes\translate.pipe.ts
FN:10,(anonymous_0)
FN:12,(anonymous_1)
FNF:2
FNH:2
FNDA:4,(anonymous_0)
FNDA:3,(anonymous_1)
DA:1,2
DA:2,2
DA:3,2
DA:9,2
DA:10,4
DA:13,3
DA:14,3
DA:15,3
LF:8
LH:8
BRDA:15,0,0,3
BRDA:15,0,1,1
BRF:2
BRH:2
end_of_record
